********************************************************************************
DUPLICATOR-LITE PACKAGE-LOG: June 3, 2020 3:21 am
NOTICE: Do NOT post to public sites or forums 
********************************************************************************
VERSION:	1.3.34
WORDPRESS:	5.3.3
PHP INFO:	7.4.2 | SAPI: apache2handler
SERVER:		Apache/2.4.41 (Win64) OpenSSL/1.1.1c PHP/7.4.2 
PHP TIME LIMIT: (0) no time limit imposed 
PHP MAX MEMORY: 4294967296 (512M default) 
MEMORY STACK: 8MB

********************************************************************************
DATABASE:
********************************************************************************
BUILD MODE:   MYSQLDUMP
MYSQLTIMEOUT: 5000
MYSQLDUMP:    Is Supported
SQL CREATED: 20200603_jaxanportfolio_1ffb4bc783a006669757_20200603032129_database.sql
SQL FILE SIZE: 732.63KB (750218)
SQL FILE TIME: 2020-06-03 03:21:39
SQL RUNTIME: 2.80 sec.

********************************************************************************
ARCHIVE (ZIP):
********************************************************************************
ARCHIVE DIR:  C:/Users/User/Documents/xampp2/htdocs/jaxan
ARCHIVE FILE: 20200603_jaxanportfolio_1ffb4bc783a006669757_20200603032129_archive.zip
FILTERS: *OFF*
DIRS:
	not set
FILES:
	not set
EXTS:  not set
----------------------------------------
COMPRESSING
SIZE:	67.51MB
STATS:	Dirs 430 | Files 3,028
SQL ADDED: 20200603_jaxanportfolio_1ffb4bc783a006669757_20200603032129_database.sql
ZipArchive Object
(
    [status] => 0
    [statusSys] => 0
    [numFiles] => 3458
    [filename] => C:\Users\User\Documents\xampp2\htdocs\jaxan\wp-snapshots\tmp\20200603_jaxanportfolio_1ffb4bc783a006669757_20200603032129_archive.zip
    [comment] => 
)

FILE ADDED TO ZIP: 3457
COMPRESSION RESULT: '1'
COMPRESSED SIZE: 25.48MB
ARCHIVE RUNTIME: 27.66 sec.
MEMORY STACK: 8MB
building installer
add_extra_files1
add_extra_files2
add_extra_files3
add_extra_files4
Doing archive file check
add_extra_files5
add_extra_files6
add_extra_files8
Successfully opened zip C:/Users/User/Documents/xampp2/htdocs/jaxan/wp-snapshots/tmp/20200603_jaxanportfolio_1ffb4bc783a006669757_20200603032129_archive.zip
Adding enhanced installer files to archive using ZipArchive
Installer files added to archive
Added to archive
After ziparchive close when adding installer

********************************************************************************
INTEGRITY CHECKS:
********************************************************************************
SQL FILE: 732.63KB
INSTALLER FILE: 61.32KB
ARCHIVE FILE: 26.96MB 
EXPECTED FILE/DIRECTORY COUNT: 3,458
ACTUAL FILE/DIRECTORY COUNT: 3,457
ARCHIVE CONSISTENCY TEST: Pass

********************************************************************************
RECORD ID:[1]
TOTAL PROCESS RUNTIME: 31.20 sec.
PEAK PHP MEMORY USED: 10MB
DONE PROCESSING => 20200603_jaxanportfolio June 3, 2020 3:22 am

